ERROR - 2023-10-29 04:43:55 --> mysqli_sql_exception: Can't create table `sisforbk`.`konseling` (errno: 150 "Foreign key constraint is incorrectly formed") in C:\xampp\htdocs\sisforBK\system\Database\MySQLi\Connection.php:306
Stack trace:
#0 C:\xampp\htdocs\sisforBK\system\Database\MySQLi\Connection.php(306): mysqli->query('CREATE TABLE `k...', 0)
#1 C:\xampp\htdocs\sisforBK\system\Database\BaseConnection.php(692): CodeIgniter\Database\MySQLi\Connection->execute('CREATE TABLE `k...')
#2 C:\xampp\htdocs\sisforBK\system\Database\BaseConnection.php(606): CodeIgniter\Database\BaseConnection->simpleQuery('CREATE TABLE `k...')
#3 C:\xampp\htdocs\sisforBK\system\Database\Forge.php(546): CodeIgniter\Database\BaseConnection->query('CREATE TABLE `k...')
#4 C:\xampp\htdocs\sisforBK\app\Database\Migrations\2023-10-28-092759_Konseling.php(46): CodeIgniter\Database\Forge->createTable('konseling')
#5 C:\xampp\htdocs\sisforBK\system\Database\MigrationRunner.php(877): App\Database\Migrations\Konseling->up()
#6 C:\xampp\htdocs\sisforBK\system\Database\MigrationRunner.php(188): CodeIgniter\Database\MigrationRunner->migrate('up', Object(stdClass))
#7 C:\xampp\htdocs\sisforBK\system\Commands\Database\Migrate.php(84): CodeIgniter\Database\MigrationRunner->latest(NULL)
#8 C:\xampp\htdocs\sisforBK\system\CLI\Commands.php(65): CodeIgniter\Commands\Database\Migrate->run(Array)
#9 C:\xampp\htdocs\sisforBK\system\CLI\Console.php(37): CodeIgniter\CLI\Commands->run('migrate', Array)
#10 C:\xampp\htdocs\sisforBK\spark(102): CodeIgniter\CLI\Console->run()
#11 {main}
ERROR - 2023-10-29 04:46:10 --> mysqli_sql_exception: Can't create table `sisforbk`.`konseling` (errno: 150 "Foreign key constraint is incorrectly formed") in C:\xampp\htdocs\sisforBK\system\Database\MySQLi\Connection.php:306
Stack trace:
#0 C:\xampp\htdocs\sisforBK\system\Database\MySQLi\Connection.php(306): mysqli->query('CREATE TABLE `k...', 0)
#1 C:\xampp\htdocs\sisforBK\system\Database\BaseConnection.php(692): CodeIgniter\Database\MySQLi\Connection->execute('CREATE TABLE `k...')
#2 C:\xampp\htdocs\sisforBK\system\Database\BaseConnection.php(606): CodeIgniter\Database\BaseConnection->simpleQuery('CREATE TABLE `k...')
#3 C:\xampp\htdocs\sisforBK\system\Database\Forge.php(546): CodeIgniter\Database\BaseConnection->query('CREATE TABLE `k...')
#4 C:\xampp\htdocs\sisforBK\app\Database\Migrations\2023-10-28-092759_Konseling.php(46): CodeIgniter\Database\Forge->createTable('konseling')
#5 C:\xampp\htdocs\sisforBK\system\Database\MigrationRunner.php(877): App\Database\Migrations\Konseling->up()
#6 C:\xampp\htdocs\sisforBK\system\Database\MigrationRunner.php(188): CodeIgniter\Database\MigrationRunner->migrate('up', Object(stdClass))
#7 C:\xampp\htdocs\sisforBK\system\Commands\Database\Migrate.php(84): CodeIgniter\Database\MigrationRunner->latest(NULL)
#8 C:\xampp\htdocs\sisforBK\system\CLI\Commands.php(65): CodeIgniter\Commands\Database\Migrate->run(Array)
#9 C:\xampp\htdocs\sisforBK\system\CLI\Console.php(37): CodeIgniter\CLI\Commands->run('migrate', Array)
#10 C:\xampp\htdocs\sisforBK\spark(102): CodeIgniter\CLI\Console->run()
#11 {main}
ERROR - 2023-10-29 04:46:54 --> mysqli_sql_exception: Can't create table `sisforbk`.`konseling` (errno: 150 "Foreign key constraint is incorrectly formed") in C:\xampp\htdocs\sisforBK\system\Database\MySQLi\Connection.php:306
Stack trace:
#0 C:\xampp\htdocs\sisforBK\system\Database\MySQLi\Connection.php(306): mysqli->query('CREATE TABLE `k...', 0)
#1 C:\xampp\htdocs\sisforBK\system\Database\BaseConnection.php(692): CodeIgniter\Database\MySQLi\Connection->execute('CREATE TABLE `k...')
#2 C:\xampp\htdocs\sisforBK\system\Database\BaseConnection.php(606): CodeIgniter\Database\BaseConnection->simpleQuery('CREATE TABLE `k...')
#3 C:\xampp\htdocs\sisforBK\system\Database\Forge.php(546): CodeIgniter\Database\BaseConnection->query('CREATE TABLE `k...')
#4 C:\xampp\htdocs\sisforBK\app\Database\Migrations\2023-10-28-092759_Konseling.php(46): CodeIgniter\Database\Forge->createTable('konseling')
#5 C:\xampp\htdocs\sisforBK\system\Database\MigrationRunner.php(877): App\Database\Migrations\Konseling->up()
#6 C:\xampp\htdocs\sisforBK\system\Database\MigrationRunner.php(188): CodeIgniter\Database\MigrationRunner->migrate('up', Object(stdClass))
#7 C:\xampp\htdocs\sisforBK\system\Commands\Database\Migrate.php(84): CodeIgniter\Database\MigrationRunner->latest(NULL)
#8 C:\xampp\htdocs\sisforBK\system\CLI\Commands.php(65): CodeIgniter\Commands\Database\Migrate->run(Array)
#9 C:\xampp\htdocs\sisforBK\system\CLI\Console.php(37): CodeIgniter\CLI\Commands->run('migrate', Array)
#10 C:\xampp\htdocs\sisforBK\spark(102): CodeIgniter\CLI\Console->run()
#11 {main}
