CRITICAL - 2024-02-08 04:02:52 --> Undefined array key "poin"
in APPPATH\Views\Admin\DataUser\Index.php on line 205.
 1 APPPATH\Views\Admin\DataUser\Index.php(205): CodeIgniter\Debug\Exceptions->errorHandler(2, 'Undefined array key "poin"', 'C:\\xampp\\htdocs\\sisforBK\\app\\Views\\Admin\\DataUser\\Index.php', 205)
 2 SYSTEMPATH\View\View.php(226): include('C:\\xampp\\htdocs\\sisforBK\\app\\Views\\Admin\\DataUser\\Index.php')
 3 SYSTEMPATH\View\View.php(229): CodeIgniter\View\View->CodeIgniter\View\{closure}()
 4 SYSTEMPATH\Common.php(1188): CodeIgniter\View\View->render('Admin/DataUser/index', [], true)
 5 APPPATH\Controllers\AdminController.php(165): view('Admin/DataUser/index', [...])
 6 SYSTEMPATH\CodeIgniter.php(919): App\Controllers\AdminController->dataUser()
 7 SYSTEMPATH\CodeIgniter.php(494): CodeIgniter\CodeIgniter->runController(Object(App\Controllers\AdminController))
 8 SYSTEMPATH\CodeIgniter.php(353): CodeIgniter\CodeIgniter->handleRequest(null, Object(Config\Cache), false)
 9 FCPATH\index.php(80): CodeIgniter\CodeIgniter->run()
10 SYSTEMPATH\Commands\Server\rewrite.php(47): require_once('C:\\xampp\\htdocs\\sisforBK\\public\\index.php')
ERROR - 2024-02-08 04:10:41 --> mysqli_sql_exception: Not unique table/alias: 'user' in C:\xampp\htdocs\sisforBK\system\Database\MySQLi\Connection.php:306
Stack trace:
#0 C:\xampp\htdocs\sisforBK\system\Database\MySQLi\Connection.php(306): mysqli->query('SELECT `konseli...', 0)
#1 C:\xampp\htdocs\sisforBK\system\Database\BaseConnection.php(692): CodeIgniter\Database\MySQLi\Connection->execute('SELECT `konseli...')
#2 C:\xampp\htdocs\sisforBK\system\Database\BaseConnection.php(606): CodeIgniter\Database\BaseConnection->simpleQuery('SELECT `konseli...')
#3 C:\xampp\htdocs\sisforBK\system\Database\BaseBuilder.php(1748): CodeIgniter\Database\BaseConnection->query('SELECT `konseli...', Array, false)
#4 C:\xampp\htdocs\sisforBK\system\Model.php(871): CodeIgniter\Database\BaseBuilder->getWhere(Array)
#5 C:\xampp\htdocs\sisforBK\app\Controllers\AdminController.php(590): CodeIgniter\Model->__call('getWhere', Array)
#6 C:\xampp\htdocs\sisforBK\system\CodeIgniter.php(919): App\Controllers\AdminController->recapReport('7')
#7 C:\xampp\htdocs\sisforBK\system\CodeIgniter.php(494): CodeIgniter\CodeIgniter->runController(Object(App\Controllers\AdminController))
#8 C:\xampp\htdocs\sisforBK\system\CodeIgniter.php(353): CodeIgniter\CodeIgniter->handleRequest(NULL, Object(Config\Cache), false)
#9 C:\xampp\htdocs\sisforBK\public\index.php(80): CodeIgniter\CodeIgniter->run()
#10 C:\xampp\htdocs\sisforBK\system\Commands\Server\rewrite.php(47): require_once('C:\\xampp\\htdocs...')
#11 {main}
CRITICAL - 2024-02-08 04:10:42 --> Not unique table/alias: 'user'
in SYSTEMPATH\Database\BaseConnection.php on line 646.
 1 SYSTEMPATH\Database\BaseBuilder.php(1748): CodeIgniter\Database\BaseConnection->query('SELECT `konseling`.*, `konseling`.`ID` AS `reportID`, `jadwal`.`permasalahan` AS `permasalahan`, `jadwal`.`waktu` AS `waktu`, `jadwal`.`jadwal` AS `jadwal`, `jadwal`.`userID` AS `userID`, `user`.`fullName` AS `userName`, `pelanggaran`.`namaPelanggaran` AS `namaPelanggaran`, `pelanggaran`.`poin` AS `poin`, `konseling`.`guruBK` as `guruBK`
FROM `konseling`
JOIN `jadwal` ON `konseling`.`jadwalID` = `jadwal`.`ID`
JOIN `pelanggaran` ON `konseling`.`pelanggaranID` = `pelanggaran`.`ID`
JOIN `user` ON `jadwal`.`userID` = `user`.`ID`
JOIN `user` ON `konseling`.`guruBK` = `user`.`ID`
WHERE `jadwalID` = :jadwalID:', [...], false)
 2 SYSTEMPATH\Model.php(871): CodeIgniter\Database\BaseBuilder->getWhere([...])
 3 APPPATH\Controllers\AdminController.php(590): CodeIgniter\Model->__call('getWhere', [...])
 4 SYSTEMPATH\CodeIgniter.php(919): App\Controllers\AdminController->recapReport('7')
 5 SYSTEMPATH\CodeIgniter.php(494): CodeIgniter\CodeIgniter->runController(Object(App\Controllers\AdminController))
 6 SYSTEMPATH\CodeIgniter.php(353): CodeIgniter\CodeIgniter->handleRequest(null, Object(Config\Cache), false)
 7 FCPATH\index.php(80): CodeIgniter\CodeIgniter->run()
 8 SYSTEMPATH\Commands\Server\rewrite.php(47): require_once('C:\\xampp\\htdocs\\sisforBK\\public\\index.php')
ERROR - 2024-02-08 04:10:45 --> mysqli_sql_exception: Not unique table/alias: 'user' in C:\xampp\htdocs\sisforBK\system\Database\MySQLi\Connection.php:306
Stack trace:
#0 C:\xampp\htdocs\sisforBK\system\Database\MySQLi\Connection.php(306): mysqli->query('SELECT `konseli...', 0)
#1 C:\xampp\htdocs\sisforBK\system\Database\BaseConnection.php(692): CodeIgniter\Database\MySQLi\Connection->execute('SELECT `konseli...')
#2 C:\xampp\htdocs\sisforBK\system\Database\BaseConnection.php(606): CodeIgniter\Database\BaseConnection->simpleQuery('SELECT `konseli...')
#3 C:\xampp\htdocs\sisforBK\system\Database\BaseBuilder.php(1748): CodeIgniter\Database\BaseConnection->query('SELECT `konseli...', Array, false)
#4 C:\xampp\htdocs\sisforBK\system\Model.php(871): CodeIgniter\Database\BaseBuilder->getWhere(Array)
#5 C:\xampp\htdocs\sisforBK\app\Controllers\AdminController.php(590): CodeIgniter\Model->__call('getWhere', Array)
#6 C:\xampp\htdocs\sisforBK\system\CodeIgniter.php(919): App\Controllers\AdminController->recapReport('7')
#7 C:\xampp\htdocs\sisforBK\system\CodeIgniter.php(494): CodeIgniter\CodeIgniter->runController(Object(App\Controllers\AdminController))
#8 C:\xampp\htdocs\sisforBK\system\CodeIgniter.php(353): CodeIgniter\CodeIgniter->handleRequest(NULL, Object(Config\Cache), false)
#9 C:\xampp\htdocs\sisforBK\public\index.php(80): CodeIgniter\CodeIgniter->run()
#10 C:\xampp\htdocs\sisforBK\system\Commands\Server\rewrite.php(47): require_once('C:\\xampp\\htdocs...')
#11 {main}
CRITICAL - 2024-02-08 04:10:45 --> Not unique table/alias: 'user'
in SYSTEMPATH\Database\BaseConnection.php on line 646.
 1 SYSTEMPATH\Database\BaseBuilder.php(1748): CodeIgniter\Database\BaseConnection->query('SELECT `konseling`.*, `konseling`.`ID` AS `reportID`, `jadwal`.`permasalahan` AS `permasalahan`, `jadwal`.`waktu` AS `waktu`, `jadwal`.`jadwal` AS `jadwal`, `jadwal`.`userID` AS `userID`, `user`.`fullName` AS `userName`, `pelanggaran`.`namaPelanggaran` AS `namaPelanggaran`, `pelanggaran`.`poin` AS `poin`, `konseling`.`guruBK` as `guruBK`
FROM `konseling`
JOIN `jadwal` ON `konseling`.`jadwalID` = `jadwal`.`ID`
JOIN `pelanggaran` ON `konseling`.`pelanggaranID` = `pelanggaran`.`ID`
JOIN `user` ON `jadwal`.`userID` = `user`.`ID`
JOIN `user` ON `konseling`.`guruBK` = `user`.`ID`
WHERE `jadwalID` = :jadwalID:', [...], false)
 2 SYSTEMPATH\Model.php(871): CodeIgniter\Database\BaseBuilder->getWhere([...])
 3 APPPATH\Controllers\AdminController.php(590): CodeIgniter\Model->__call('getWhere', [...])
 4 SYSTEMPATH\CodeIgniter.php(919): App\Controllers\AdminController->recapReport('7')
 5 SYSTEMPATH\CodeIgniter.php(494): CodeIgniter\CodeIgniter->runController(Object(App\Controllers\AdminController))
 6 SYSTEMPATH\CodeIgniter.php(353): CodeIgniter\CodeIgniter->handleRequest(null, Object(Config\Cache), false)
 7 FCPATH\index.php(80): CodeIgniter\CodeIgniter->run()
 8 SYSTEMPATH\Commands\Server\rewrite.php(47): require_once('C:\\xampp\\htdocs\\sisforBK\\public\\index.php')
