ERROR - 2023-11-05 04:41:47 --> mysqli_sql_exception: Duplicate entry '' for key 'NIS' in C:\xampp\htdocs\sisforBK\system\Database\MySQLi\Connection.php:306
Stack trace:
#0 C:\xampp\htdocs\sisforBK\system\Database\MySQLi\Connection.php(306): mysqli->query('INSERT INTO `us...', 0)
#1 C:\xampp\htdocs\sisforBK\system\Database\BaseConnection.php(692): CodeIgniter\Database\MySQLi\Connection->execute('INSERT INTO `us...')
#2 C:\xampp\htdocs\sisforBK\system\Database\BaseConnection.php(606): CodeIgniter\Database\BaseConnection->simpleQuery('INSERT INTO `us...')
#3 C:\xampp\htdocs\sisforBK\system\Database\BaseBuilder.php(2308): CodeIgniter\Database\BaseConnection->query('INSERT INTO `us...', Array, false)
#4 C:\xampp\htdocs\sisforBK\system\Model.php(319): CodeIgniter\Database\BaseBuilder->insert()
#5 C:\xampp\htdocs\sisforBK\system\BaseModel.php(788): CodeIgniter\Model->doInsert(Array)
#6 C:\xampp\htdocs\sisforBK\system\Model.php(715): CodeIgniter\BaseModel->insert(Array, true)
#7 C:\xampp\htdocs\sisforBK\app\Controllers\AdminController.php(175): CodeIgniter\Model->insert(Array)
#8 C:\xampp\htdocs\sisforBK\system\CodeIgniter.php(919): App\Controllers\AdminController->createUser()
#9 C:\xampp\htdocs\sisforBK\system\CodeIgniter.php(494): CodeIgniter\CodeIgniter->runController(Object(App\Controllers\AdminController))
#10 C:\xampp\htdocs\sisforBK\system\CodeIgniter.php(353): CodeIgniter\CodeIgniter->handleRequest(NULL, Object(Config\Cache), false)
#11 C:\xampp\htdocs\sisforBK\public\index.php(80): CodeIgniter\CodeIgniter->run()
#12 {main}
CRITICAL - 2023-11-05 04:41:47 --> Duplicate entry '' for key 'NIS'
in SYSTEMPATH\Database\BaseConnection.php on line 646.
 1 SYSTEMPATH\Database\BaseBuilder.php(2308): CodeIgniter\Database\BaseConnection->query('INSERT INTO `user` (`username`, `fullName`, `TTL`, `NIS`, `Bapak`, `Ibu`, `Kelas`, `Role`) VALUES (:username:, :fullName:, :TTL:, :NIS:, :Bapak:, :Ibu:, :Kelas:, :Role:)', [...], false)
 2 SYSTEMPATH\Model.php(319): CodeIgniter\Database\BaseBuilder->insert()
 3 SYSTEMPATH\BaseModel.php(788): CodeIgniter\Model->doInsert([...])
 4 SYSTEMPATH\Model.php(715): CodeIgniter\BaseModel->insert([...], true)
 5 APPPATH\Controllers\AdminController.php(175): CodeIgniter\Model->insert([...])
 6 SYSTEMPATH\CodeIgniter.php(919): App\Controllers\AdminController->createUser()
 7 SYSTEMPATH\CodeIgniter.php(494): CodeIgniter\CodeIgniter->runController(Object(App\Controllers\AdminController))
 8 SYSTEMPATH\CodeIgniter.php(353): CodeIgniter\CodeIgniter->handleRequest(null, Object(Config\Cache), false)
 9 FCPATH\index.php(80): CodeIgniter\CodeIgniter->run()
ERROR - 2023-11-05 04:43:42 --> mysqli_sql_exception: Duplicate entry '' for key 'NIS' in C:\xampp\htdocs\sisforBK\system\Database\MySQLi\Connection.php:306
Stack trace:
#0 C:\xampp\htdocs\sisforBK\system\Database\MySQLi\Connection.php(306): mysqli->query('INSERT INTO `us...', 0)
#1 C:\xampp\htdocs\sisforBK\system\Database\BaseConnection.php(692): CodeIgniter\Database\MySQLi\Connection->execute('INSERT INTO `us...')
#2 C:\xampp\htdocs\sisforBK\system\Database\BaseConnection.php(606): CodeIgniter\Database\BaseConnection->simpleQuery('INSERT INTO `us...')
#3 C:\xampp\htdocs\sisforBK\system\Database\BaseBuilder.php(2308): CodeIgniter\Database\BaseConnection->query('INSERT INTO `us...', Array, false)
#4 C:\xampp\htdocs\sisforBK\system\Model.php(319): CodeIgniter\Database\BaseBuilder->insert()
#5 C:\xampp\htdocs\sisforBK\system\BaseModel.php(788): CodeIgniter\Model->doInsert(Array)
#6 C:\xampp\htdocs\sisforBK\system\Model.php(715): CodeIgniter\BaseModel->insert(Array, true)
#7 C:\xampp\htdocs\sisforBK\app\Controllers\AdminController.php(175): CodeIgniter\Model->insert(Array)
#8 C:\xampp\htdocs\sisforBK\system\CodeIgniter.php(919): App\Controllers\AdminController->createUser()
#9 C:\xampp\htdocs\sisforBK\system\CodeIgniter.php(494): CodeIgniter\CodeIgniter->runController(Object(App\Controllers\AdminController))
#10 C:\xampp\htdocs\sisforBK\system\CodeIgniter.php(353): CodeIgniter\CodeIgniter->handleRequest(NULL, Object(Config\Cache), false)
#11 C:\xampp\htdocs\sisforBK\public\index.php(80): CodeIgniter\CodeIgniter->run()
#12 {main}
CRITICAL - 2023-11-05 04:43:42 --> Duplicate entry '' for key 'NIS'
in SYSTEMPATH\Database\BaseConnection.php on line 646.
 1 SYSTEMPATH\Database\BaseBuilder.php(2308): CodeIgniter\Database\BaseConnection->query('INSERT INTO `user` (`username`, `fullName`, `TTL`, `NIS`, `Bapak`, `Ibu`, `Kelas`, `Role`) VALUES (:username:, :fullName:, :TTL:, :NIS:, :Bapak:, :Ibu:, :Kelas:, :Role:)', [...], false)
 2 SYSTEMPATH\Model.php(319): CodeIgniter\Database\BaseBuilder->insert()
 3 SYSTEMPATH\BaseModel.php(788): CodeIgniter\Model->doInsert([...])
 4 SYSTEMPATH\Model.php(715): CodeIgniter\BaseModel->insert([...], true)
 5 APPPATH\Controllers\AdminController.php(175): CodeIgniter\Model->insert([...])
 6 SYSTEMPATH\CodeIgniter.php(919): App\Controllers\AdminController->createUser()
 7 SYSTEMPATH\CodeIgniter.php(494): CodeIgniter\CodeIgniter->runController(Object(App\Controllers\AdminController))
 8 SYSTEMPATH\CodeIgniter.php(353): CodeIgniter\CodeIgniter->handleRequest(null, Object(Config\Cache), false)
 9 FCPATH\index.php(80): CodeIgniter\CodeIgniter->run()
ERROR - 2023-11-05 04:43:47 --> mysqli_sql_exception: Duplicate entry '' for key 'NIS' in C:\xampp\htdocs\sisforBK\system\Database\MySQLi\Connection.php:306
Stack trace:
#0 C:\xampp\htdocs\sisforBK\system\Database\MySQLi\Connection.php(306): mysqli->query('INSERT INTO `us...', 0)
#1 C:\xampp\htdocs\sisforBK\system\Database\BaseConnection.php(692): CodeIgniter\Database\MySQLi\Connection->execute('INSERT INTO `us...')
#2 C:\xampp\htdocs\sisforBK\system\Database\BaseConnection.php(606): CodeIgniter\Database\BaseConnection->simpleQuery('INSERT INTO `us...')
#3 C:\xampp\htdocs\sisforBK\system\Database\BaseBuilder.php(2308): CodeIgniter\Database\BaseConnection->query('INSERT INTO `us...', Array, false)
#4 C:\xampp\htdocs\sisforBK\system\Model.php(319): CodeIgniter\Database\BaseBuilder->insert()
#5 C:\xampp\htdocs\sisforBK\system\BaseModel.php(788): CodeIgniter\Model->doInsert(Array)
#6 C:\xampp\htdocs\sisforBK\system\Model.php(715): CodeIgniter\BaseModel->insert(Array, true)
#7 C:\xampp\htdocs\sisforBK\app\Controllers\AdminController.php(175): CodeIgniter\Model->insert(Array)
#8 C:\xampp\htdocs\sisforBK\system\CodeIgniter.php(919): App\Controllers\AdminController->createUser()
#9 C:\xampp\htdocs\sisforBK\system\CodeIgniter.php(494): CodeIgniter\CodeIgniter->runController(Object(App\Controllers\AdminController))
#10 C:\xampp\htdocs\sisforBK\system\CodeIgniter.php(353): CodeIgniter\CodeIgniter->handleRequest(NULL, Object(Config\Cache), false)
#11 C:\xampp\htdocs\sisforBK\public\index.php(80): CodeIgniter\CodeIgniter->run()
#12 {main}
CRITICAL - 2023-11-05 04:43:47 --> Duplicate entry '' for key 'NIS'
in SYSTEMPATH\Database\BaseConnection.php on line 646.
 1 SYSTEMPATH\Database\BaseBuilder.php(2308): CodeIgniter\Database\BaseConnection->query('INSERT INTO `user` (`username`, `fullName`, `TTL`, `NIS`, `Bapak`, `Ibu`, `Kelas`, `Role`) VALUES (:username:, :fullName:, :TTL:, :NIS:, :Bapak:, :Ibu:, :Kelas:, :Role:)', [...], false)
 2 SYSTEMPATH\Model.php(319): CodeIgniter\Database\BaseBuilder->insert()
 3 SYSTEMPATH\BaseModel.php(788): CodeIgniter\Model->doInsert([...])
 4 SYSTEMPATH\Model.php(715): CodeIgniter\BaseModel->insert([...], true)
 5 APPPATH\Controllers\AdminController.php(175): CodeIgniter\Model->insert([...])
 6 SYSTEMPATH\CodeIgniter.php(919): App\Controllers\AdminController->createUser()
 7 SYSTEMPATH\CodeIgniter.php(494): CodeIgniter\CodeIgniter->runController(Object(App\Controllers\AdminController))
 8 SYSTEMPATH\CodeIgniter.php(353): CodeIgniter\CodeIgniter->handleRequest(null, Object(Config\Cache), false)
 9 FCPATH\index.php(80): CodeIgniter\CodeIgniter->run()
ERROR - 2023-11-05 04:43:47 --> mysqli_sql_exception: Duplicate entry '' for key 'NIS' in C:\xampp\htdocs\sisforBK\system\Database\MySQLi\Connection.php:306
Stack trace:
#0 C:\xampp\htdocs\sisforBK\system\Database\MySQLi\Connection.php(306): mysqli->query('INSERT INTO `us...', 0)
#1 C:\xampp\htdocs\sisforBK\system\Database\BaseConnection.php(692): CodeIgniter\Database\MySQLi\Connection->execute('INSERT INTO `us...')
#2 C:\xampp\htdocs\sisforBK\system\Database\BaseConnection.php(606): CodeIgniter\Database\BaseConnection->simpleQuery('INSERT INTO `us...')
#3 C:\xampp\htdocs\sisforBK\system\Database\BaseBuilder.php(2308): CodeIgniter\Database\BaseConnection->query('INSERT INTO `us...', Array, false)
#4 C:\xampp\htdocs\sisforBK\system\Model.php(319): CodeIgniter\Database\BaseBuilder->insert()
#5 C:\xampp\htdocs\sisforBK\system\BaseModel.php(788): CodeIgniter\Model->doInsert(Array)
#6 C:\xampp\htdocs\sisforBK\system\Model.php(715): CodeIgniter\BaseModel->insert(Array, true)
#7 C:\xampp\htdocs\sisforBK\app\Controllers\AdminController.php(175): CodeIgniter\Model->insert(Array)
#8 C:\xampp\htdocs\sisforBK\system\CodeIgniter.php(919): App\Controllers\AdminController->createUser()
#9 C:\xampp\htdocs\sisforBK\system\CodeIgniter.php(494): CodeIgniter\CodeIgniter->runController(Object(App\Controllers\AdminController))
#10 C:\xampp\htdocs\sisforBK\system\CodeIgniter.php(353): CodeIgniter\CodeIgniter->handleRequest(NULL, Object(Config\Cache), false)
#11 C:\xampp\htdocs\sisforBK\public\index.php(80): CodeIgniter\CodeIgniter->run()
#12 {main}
CRITICAL - 2023-11-05 04:43:47 --> Duplicate entry '' for key 'NIS'
in SYSTEMPATH\Database\BaseConnection.php on line 646.
 1 SYSTEMPATH\Database\BaseBuilder.php(2308): CodeIgniter\Database\BaseConnection->query('INSERT INTO `user` (`username`, `fullName`, `TTL`, `NIS`, `Bapak`, `Ibu`, `Kelas`, `Role`) VALUES (:username:, :fullName:, :TTL:, :NIS:, :Bapak:, :Ibu:, :Kelas:, :Role:)', [...], false)
 2 SYSTEMPATH\Model.php(319): CodeIgniter\Database\BaseBuilder->insert()
 3 SYSTEMPATH\BaseModel.php(788): CodeIgniter\Model->doInsert([...])
 4 SYSTEMPATH\Model.php(715): CodeIgniter\BaseModel->insert([...], true)
 5 APPPATH\Controllers\AdminController.php(175): CodeIgniter\Model->insert([...])
 6 SYSTEMPATH\CodeIgniter.php(919): App\Controllers\AdminController->createUser()
 7 SYSTEMPATH\CodeIgniter.php(494): CodeIgniter\CodeIgniter->runController(Object(App\Controllers\AdminController))
 8 SYSTEMPATH\CodeIgniter.php(353): CodeIgniter\CodeIgniter->handleRequest(null, Object(Config\Cache), false)
 9 FCPATH\index.php(80): CodeIgniter\CodeIgniter->run()
ERROR - 2023-11-05 04:43:47 --> mysqli_sql_exception: Duplicate entry '' for key 'NIS' in C:\xampp\htdocs\sisforBK\system\Database\MySQLi\Connection.php:306
Stack trace:
#0 C:\xampp\htdocs\sisforBK\system\Database\MySQLi\Connection.php(306): mysqli->query('INSERT INTO `us...', 0)
#1 C:\xampp\htdocs\sisforBK\system\Database\BaseConnection.php(692): CodeIgniter\Database\MySQLi\Connection->execute('INSERT INTO `us...')
#2 C:\xampp\htdocs\sisforBK\system\Database\BaseConnection.php(606): CodeIgniter\Database\BaseConnection->simpleQuery('INSERT INTO `us...')
#3 C:\xampp\htdocs\sisforBK\system\Database\BaseBuilder.php(2308): CodeIgniter\Database\BaseConnection->query('INSERT INTO `us...', Array, false)
#4 C:\xampp\htdocs\sisforBK\system\Model.php(319): CodeIgniter\Database\BaseBuilder->insert()
#5 C:\xampp\htdocs\sisforBK\system\BaseModel.php(788): CodeIgniter\Model->doInsert(Array)
#6 C:\xampp\htdocs\sisforBK\system\Model.php(715): CodeIgniter\BaseModel->insert(Array, true)
#7 C:\xampp\htdocs\sisforBK\app\Controllers\AdminController.php(175): CodeIgniter\Model->insert(Array)
#8 C:\xampp\htdocs\sisforBK\system\CodeIgniter.php(919): App\Controllers\AdminController->createUser()
#9 C:\xampp\htdocs\sisforBK\system\CodeIgniter.php(494): CodeIgniter\CodeIgniter->runController(Object(App\Controllers\AdminController))
#10 C:\xampp\htdocs\sisforBK\system\CodeIgniter.php(353): CodeIgniter\CodeIgniter->handleRequest(NULL, Object(Config\Cache), false)
#11 C:\xampp\htdocs\sisforBK\public\index.php(80): CodeIgniter\CodeIgniter->run()
#12 {main}
CRITICAL - 2023-11-05 04:43:47 --> Duplicate entry '' for key 'NIS'
in SYSTEMPATH\Database\BaseConnection.php on line 646.
 1 SYSTEMPATH\Database\BaseBuilder.php(2308): CodeIgniter\Database\BaseConnection->query('INSERT INTO `user` (`username`, `fullName`, `TTL`, `NIS`, `Bapak`, `Ibu`, `Kelas`, `Role`) VALUES (:username:, :fullName:, :TTL:, :NIS:, :Bapak:, :Ibu:, :Kelas:, :Role:)', [...], false)
 2 SYSTEMPATH\Model.php(319): CodeIgniter\Database\BaseBuilder->insert()
 3 SYSTEMPATH\BaseModel.php(788): CodeIgniter\Model->doInsert([...])
 4 SYSTEMPATH\Model.php(715): CodeIgniter\BaseModel->insert([...], true)
 5 APPPATH\Controllers\AdminController.php(175): CodeIgniter\Model->insert([...])
 6 SYSTEMPATH\CodeIgniter.php(919): App\Controllers\AdminController->createUser()
 7 SYSTEMPATH\CodeIgniter.php(494): CodeIgniter\CodeIgniter->runController(Object(App\Controllers\AdminController))
 8 SYSTEMPATH\CodeIgniter.php(353): CodeIgniter\CodeIgniter->handleRequest(null, Object(Config\Cache), false)
 9 FCPATH\index.php(80): CodeIgniter\CodeIgniter->run()
ERROR - 2023-11-05 04:43:47 --> mysqli_sql_exception: Duplicate entry '' for key 'NIS' in C:\xampp\htdocs\sisforBK\system\Database\MySQLi\Connection.php:306
Stack trace:
#0 C:\xampp\htdocs\sisforBK\system\Database\MySQLi\Connection.php(306): mysqli->query('INSERT INTO `us...', 0)
#1 C:\xampp\htdocs\sisforBK\system\Database\BaseConnection.php(692): CodeIgniter\Database\MySQLi\Connection->execute('INSERT INTO `us...')
#2 C:\xampp\htdocs\sisforBK\system\Database\BaseConnection.php(606): CodeIgniter\Database\BaseConnection->simpleQuery('INSERT INTO `us...')
#3 C:\xampp\htdocs\sisforBK\system\Database\BaseBuilder.php(2308): CodeIgniter\Database\BaseConnection->query('INSERT INTO `us...', Array, false)
#4 C:\xampp\htdocs\sisforBK\system\Model.php(319): CodeIgniter\Database\BaseBuilder->insert()
#5 C:\xampp\htdocs\sisforBK\system\BaseModel.php(788): CodeIgniter\Model->doInsert(Array)
#6 C:\xampp\htdocs\sisforBK\system\Model.php(715): CodeIgniter\BaseModel->insert(Array, true)
#7 C:\xampp\htdocs\sisforBK\app\Controllers\AdminController.php(175): CodeIgniter\Model->insert(Array)
#8 C:\xampp\htdocs\sisforBK\system\CodeIgniter.php(919): App\Controllers\AdminController->createUser()
#9 C:\xampp\htdocs\sisforBK\system\CodeIgniter.php(494): CodeIgniter\CodeIgniter->runController(Object(App\Controllers\AdminController))
#10 C:\xampp\htdocs\sisforBK\system\CodeIgniter.php(353): CodeIgniter\CodeIgniter->handleRequest(NULL, Object(Config\Cache), false)
#11 C:\xampp\htdocs\sisforBK\public\index.php(80): CodeIgniter\CodeIgniter->run()
#12 {main}
CRITICAL - 2023-11-05 04:43:47 --> Duplicate entry '' for key 'NIS'
in SYSTEMPATH\Database\BaseConnection.php on line 646.
 1 SYSTEMPATH\Database\BaseBuilder.php(2308): CodeIgniter\Database\BaseConnection->query('INSERT INTO `user` (`username`, `fullName`, `TTL`, `NIS`, `Bapak`, `Ibu`, `Kelas`, `Role`) VALUES (:username:, :fullName:, :TTL:, :NIS:, :Bapak:, :Ibu:, :Kelas:, :Role:)', [...], false)
 2 SYSTEMPATH\Model.php(319): CodeIgniter\Database\BaseBuilder->insert()
 3 SYSTEMPATH\BaseModel.php(788): CodeIgniter\Model->doInsert([...])
 4 SYSTEMPATH\Model.php(715): CodeIgniter\BaseModel->insert([...], true)
 5 APPPATH\Controllers\AdminController.php(175): CodeIgniter\Model->insert([...])
 6 SYSTEMPATH\CodeIgniter.php(919): App\Controllers\AdminController->createUser()
 7 SYSTEMPATH\CodeIgniter.php(494): CodeIgniter\CodeIgniter->runController(Object(App\Controllers\AdminController))
 8 SYSTEMPATH\CodeIgniter.php(353): CodeIgniter\CodeIgniter->handleRequest(null, Object(Config\Cache), false)
 9 FCPATH\index.php(80): CodeIgniter\CodeIgniter->run()
ERROR - 2023-11-05 04:43:48 --> mysqli_sql_exception: Duplicate entry '' for key 'NIS' in C:\xampp\htdocs\sisforBK\system\Database\MySQLi\Connection.php:306
Stack trace:
#0 C:\xampp\htdocs\sisforBK\system\Database\MySQLi\Connection.php(306): mysqli->query('INSERT INTO `us...', 0)
#1 C:\xampp\htdocs\sisforBK\system\Database\BaseConnection.php(692): CodeIgniter\Database\MySQLi\Connection->execute('INSERT INTO `us...')
#2 C:\xampp\htdocs\sisforBK\system\Database\BaseConnection.php(606): CodeIgniter\Database\BaseConnection->simpleQuery('INSERT INTO `us...')
#3 C:\xampp\htdocs\sisforBK\system\Database\BaseBuilder.php(2308): CodeIgniter\Database\BaseConnection->query('INSERT INTO `us...', Array, false)
#4 C:\xampp\htdocs\sisforBK\system\Model.php(319): CodeIgniter\Database\BaseBuilder->insert()
#5 C:\xampp\htdocs\sisforBK\system\BaseModel.php(788): CodeIgniter\Model->doInsert(Array)
#6 C:\xampp\htdocs\sisforBK\system\Model.php(715): CodeIgniter\BaseModel->insert(Array, true)
#7 C:\xampp\htdocs\sisforBK\app\Controllers\AdminController.php(175): CodeIgniter\Model->insert(Array)
#8 C:\xampp\htdocs\sisforBK\system\CodeIgniter.php(919): App\Controllers\AdminController->createUser()
#9 C:\xampp\htdocs\sisforBK\system\CodeIgniter.php(494): CodeIgniter\CodeIgniter->runController(Object(App\Controllers\AdminController))
#10 C:\xampp\htdocs\sisforBK\system\CodeIgniter.php(353): CodeIgniter\CodeIgniter->handleRequest(NULL, Object(Config\Cache), false)
#11 C:\xampp\htdocs\sisforBK\public\index.php(80): CodeIgniter\CodeIgniter->run()
#12 {main}
CRITICAL - 2023-11-05 04:43:48 --> Duplicate entry '' for key 'NIS'
in SYSTEMPATH\Database\BaseConnection.php on line 646.
 1 SYSTEMPATH\Database\BaseBuilder.php(2308): CodeIgniter\Database\BaseConnection->query('INSERT INTO `user` (`username`, `fullName`, `TTL`, `NIS`, `Bapak`, `Ibu`, `Kelas`, `Role`) VALUES (:username:, :fullName:, :TTL:, :NIS:, :Bapak:, :Ibu:, :Kelas:, :Role:)', [...], false)
 2 SYSTEMPATH\Model.php(319): CodeIgniter\Database\BaseBuilder->insert()
 3 SYSTEMPATH\BaseModel.php(788): CodeIgniter\Model->doInsert([...])
 4 SYSTEMPATH\Model.php(715): CodeIgniter\BaseModel->insert([...], true)
 5 APPPATH\Controllers\AdminController.php(175): CodeIgniter\Model->insert([...])
 6 SYSTEMPATH\CodeIgniter.php(919): App\Controllers\AdminController->createUser()
 7 SYSTEMPATH\CodeIgniter.php(494): CodeIgniter\CodeIgniter->runController(Object(App\Controllers\AdminController))
 8 SYSTEMPATH\CodeIgniter.php(353): CodeIgniter\CodeIgniter->handleRequest(null, Object(Config\Cache), false)
 9 FCPATH\index.php(80): CodeIgniter\CodeIgniter->run()
ERROR - 2023-11-05 04:44:25 --> mysqli_sql_exception: Duplicate entry '' for key 'NIS' in C:\xampp\htdocs\sisforBK\system\Database\MySQLi\Connection.php:306
Stack trace:
#0 C:\xampp\htdocs\sisforBK\system\Database\MySQLi\Connection.php(306): mysqli->query('INSERT INTO `us...', 0)
#1 C:\xampp\htdocs\sisforBK\system\Database\BaseConnection.php(692): CodeIgniter\Database\MySQLi\Connection->execute('INSERT INTO `us...')
#2 C:\xampp\htdocs\sisforBK\system\Database\BaseConnection.php(606): CodeIgniter\Database\BaseConnection->simpleQuery('INSERT INTO `us...')
#3 C:\xampp\htdocs\sisforBK\system\Database\BaseBuilder.php(2308): CodeIgniter\Database\BaseConnection->query('INSERT INTO `us...', Array, false)
#4 C:\xampp\htdocs\sisforBK\system\Model.php(319): CodeIgniter\Database\BaseBuilder->insert()
#5 C:\xampp\htdocs\sisforBK\system\BaseModel.php(788): CodeIgniter\Model->doInsert(Array)
#6 C:\xampp\htdocs\sisforBK\system\Model.php(715): CodeIgniter\BaseModel->insert(Array, true)
#7 C:\xampp\htdocs\sisforBK\app\Controllers\AdminController.php(175): CodeIgniter\Model->insert(Array)
#8 C:\xampp\htdocs\sisforBK\system\CodeIgniter.php(919): App\Controllers\AdminController->createUser()
#9 C:\xampp\htdocs\sisforBK\system\CodeIgniter.php(494): CodeIgniter\CodeIgniter->runController(Object(App\Controllers\AdminController))
#10 C:\xampp\htdocs\sisforBK\system\CodeIgniter.php(353): CodeIgniter\CodeIgniter->handleRequest(NULL, Object(Config\Cache), false)
#11 C:\xampp\htdocs\sisforBK\public\index.php(80): CodeIgniter\CodeIgniter->run()
#12 {main}
CRITICAL - 2023-11-05 04:44:25 --> Duplicate entry '' for key 'NIS'
in SYSTEMPATH\Database\BaseConnection.php on line 646.
 1 SYSTEMPATH\Database\BaseBuilder.php(2308): CodeIgniter\Database\BaseConnection->query('INSERT INTO `user` (`username`, `fullName`, `TTL`, `NIS`, `Bapak`, `Ibu`, `Kelas`, `Role`) VALUES (:username:, :fullName:, :TTL:, :NIS:, :Bapak:, :Ibu:, :Kelas:, :Role:)', [...], false)
 2 SYSTEMPATH\Model.php(319): CodeIgniter\Database\BaseBuilder->insert()
 3 SYSTEMPATH\BaseModel.php(788): CodeIgniter\Model->doInsert([...])
 4 SYSTEMPATH\Model.php(715): CodeIgniter\BaseModel->insert([...], true)
 5 APPPATH\Controllers\AdminController.php(175): CodeIgniter\Model->insert([...])
 6 SYSTEMPATH\CodeIgniter.php(919): App\Controllers\AdminController->createUser()
 7 SYSTEMPATH\CodeIgniter.php(494): CodeIgniter\CodeIgniter->runController(Object(App\Controllers\AdminController))
 8 SYSTEMPATH\CodeIgniter.php(353): CodeIgniter\CodeIgniter->handleRequest(null, Object(Config\Cache), false)
 9 FCPATH\index.php(80): CodeIgniter\CodeIgniter->run()
CRITICAL - 2023-11-05 04:47:00 --> Undefined variable $userModel
in APPPATH\Controllers\AdminController.php on line 174.
 1 APPPATH\Controllers\AdminController.php(174): CodeIgniter\Debug\Exceptions->errorHandler(2, 'Undefined variable $userModel', 'C:\\xampp\\htdocs\\sisforBK\\app\\Controllers\\AdminController.php', 174)
 2 SYSTEMPATH\CodeIgniter.php(919): App\Controllers\AdminController->createUser()
 3 SYSTEMPATH\CodeIgniter.php(494): CodeIgniter\CodeIgniter->runController(Object(App\Controllers\AdminController))
 4 SYSTEMPATH\CodeIgniter.php(353): CodeIgniter\CodeIgniter->handleRequest(null, Object(Config\Cache), false)
 5 FCPATH\index.php(80): CodeIgniter\CodeIgniter->run()
CRITICAL - 2023-11-05 04:51:14 --> Undefined variable $userModel
in APPPATH\Controllers\AdminController.php on line 174.
 1 APPPATH\Controllers\AdminController.php(174): CodeIgniter\Debug\Exceptions->errorHandler(2, 'Undefined variable $userModel', 'C:\\xampp\\htdocs\\sisforBK\\app\\Controllers\\AdminController.php', 174)
 2 SYSTEMPATH\CodeIgniter.php(919): App\Controllers\AdminController->createUser()
 3 SYSTEMPATH\CodeIgniter.php(494): CodeIgniter\CodeIgniter->runController(Object(App\Controllers\AdminController))
 4 SYSTEMPATH\CodeIgniter.php(353): CodeIgniter\CodeIgniter->handleRequest(null, Object(Config\Cache), false)
 5 FCPATH\index.php(80): CodeIgniter\CodeIgniter->run()
ERROR - 2023-11-05 04:52:26 --> mysqli_sql_exception: Duplicate entry '' for key 'NIS' in C:\xampp\htdocs\sisforBK\system\Database\MySQLi\Connection.php:306
Stack trace:
#0 C:\xampp\htdocs\sisforBK\system\Database\MySQLi\Connection.php(306): mysqli->query('INSERT INTO `us...', 0)
#1 C:\xampp\htdocs\sisforBK\system\Database\BaseConnection.php(692): CodeIgniter\Database\MySQLi\Connection->execute('INSERT INTO `us...')
#2 C:\xampp\htdocs\sisforBK\system\Database\BaseConnection.php(606): CodeIgniter\Database\BaseConnection->simpleQuery('INSERT INTO `us...')
#3 C:\xampp\htdocs\sisforBK\system\Database\BaseBuilder.php(2308): CodeIgniter\Database\BaseConnection->query('INSERT INTO `us...', Array, false)
#4 C:\xampp\htdocs\sisforBK\system\Model.php(319): CodeIgniter\Database\BaseBuilder->insert()
#5 C:\xampp\htdocs\sisforBK\system\BaseModel.php(788): CodeIgniter\Model->doInsert(Array)
#6 C:\xampp\htdocs\sisforBK\system\Model.php(715): CodeIgniter\BaseModel->insert(Array, true)
#7 C:\xampp\htdocs\sisforBK\app\Controllers\AdminController.php(175): CodeIgniter\Model->insert(Array)
#8 C:\xampp\htdocs\sisforBK\system\CodeIgniter.php(919): App\Controllers\AdminController->createUser()
#9 C:\xampp\htdocs\sisforBK\system\CodeIgniter.php(494): CodeIgniter\CodeIgniter->runController(Object(App\Controllers\AdminController))
#10 C:\xampp\htdocs\sisforBK\system\CodeIgniter.php(353): CodeIgniter\CodeIgniter->handleRequest(NULL, Object(Config\Cache), false)
#11 C:\xampp\htdocs\sisforBK\public\index.php(80): CodeIgniter\CodeIgniter->run()
#12 {main}
CRITICAL - 2023-11-05 04:52:26 --> Duplicate entry '' for key 'NIS'
in SYSTEMPATH\Database\BaseConnection.php on line 646.
 1 SYSTEMPATH\Database\BaseBuilder.php(2308): CodeIgniter\Database\BaseConnection->query('INSERT INTO `user` (`username`, `fullName`, `TTL`, `NIS`, `Bapak`, `Ibu`, `Kelas`, `Role`) VALUES (:username:, :fullName:, :TTL:, :NIS:, :Bapak:, :Ibu:, :Kelas:, :Role:)', [...], false)
 2 SYSTEMPATH\Model.php(319): CodeIgniter\Database\BaseBuilder->insert()
 3 SYSTEMPATH\BaseModel.php(788): CodeIgniter\Model->doInsert([...])
 4 SYSTEMPATH\Model.php(715): CodeIgniter\BaseModel->insert([...], true)
 5 APPPATH\Controllers\AdminController.php(175): CodeIgniter\Model->insert([...])
 6 SYSTEMPATH\CodeIgniter.php(919): App\Controllers\AdminController->createUser()
 7 SYSTEMPATH\CodeIgniter.php(494): CodeIgniter\CodeIgniter->runController(Object(App\Controllers\AdminController))
 8 SYSTEMPATH\CodeIgniter.php(353): CodeIgniter\CodeIgniter->handleRequest(null, Object(Config\Cache), false)
 9 FCPATH\index.php(80): CodeIgniter\CodeIgniter->run()
ERROR - 2023-11-05 04:53:52 --> mysqli_sql_exception: Duplicate entry '' for key 'NIS' in C:\xampp\htdocs\sisforBK\system\Database\MySQLi\Connection.php:306
Stack trace:
#0 C:\xampp\htdocs\sisforBK\system\Database\MySQLi\Connection.php(306): mysqli->query('INSERT INTO `us...', 0)
#1 C:\xampp\htdocs\sisforBK\system\Database\BaseConnection.php(692): CodeIgniter\Database\MySQLi\Connection->execute('INSERT INTO `us...')
#2 C:\xampp\htdocs\sisforBK\system\Database\BaseConnection.php(606): CodeIgniter\Database\BaseConnection->simpleQuery('INSERT INTO `us...')
#3 C:\xampp\htdocs\sisforBK\system\Database\BaseBuilder.php(2308): CodeIgniter\Database\BaseConnection->query('INSERT INTO `us...', Array, false)
#4 C:\xampp\htdocs\sisforBK\system\Model.php(319): CodeIgniter\Database\BaseBuilder->insert()
#5 C:\xampp\htdocs\sisforBK\system\BaseModel.php(788): CodeIgniter\Model->doInsert(Array)
#6 C:\xampp\htdocs\sisforBK\system\Model.php(715): CodeIgniter\BaseModel->insert(Array, true)
#7 C:\xampp\htdocs\sisforBK\app\Controllers\AdminController.php(175): CodeIgniter\Model->insert(Array)
#8 C:\xampp\htdocs\sisforBK\system\CodeIgniter.php(919): App\Controllers\AdminController->createUser()
#9 C:\xampp\htdocs\sisforBK\system\CodeIgniter.php(494): CodeIgniter\CodeIgniter->runController(Object(App\Controllers\AdminController))
#10 C:\xampp\htdocs\sisforBK\system\CodeIgniter.php(353): CodeIgniter\CodeIgniter->handleRequest(NULL, Object(Config\Cache), false)
#11 C:\xampp\htdocs\sisforBK\public\index.php(80): CodeIgniter\CodeIgniter->run()
#12 {main}
CRITICAL - 2023-11-05 04:53:52 --> Duplicate entry '' for key 'NIS'
in SYSTEMPATH\Database\BaseConnection.php on line 646.
 1 SYSTEMPATH\Database\BaseBuilder.php(2308): CodeIgniter\Database\BaseConnection->query('INSERT INTO `user` (`username`, `fullName`, `TTL`, `NIS`, `Bapak`, `Ibu`, `Kelas`, `Role`) VALUES (:username:, :fullName:, :TTL:, :NIS:, :Bapak:, :Ibu:, :Kelas:, :Role:)', [...], false)
 2 SYSTEMPATH\Model.php(319): CodeIgniter\Database\BaseBuilder->insert()
 3 SYSTEMPATH\BaseModel.php(788): CodeIgniter\Model->doInsert([...])
 4 SYSTEMPATH\Model.php(715): CodeIgniter\BaseModel->insert([...], true)
 5 APPPATH\Controllers\AdminController.php(175): CodeIgniter\Model->insert([...])
 6 SYSTEMPATH\CodeIgniter.php(919): App\Controllers\AdminController->createUser()
 7 SYSTEMPATH\CodeIgniter.php(494): CodeIgniter\CodeIgniter->runController(Object(App\Controllers\AdminController))
 8 SYSTEMPATH\CodeIgniter.php(353): CodeIgniter\CodeIgniter->handleRequest(null, Object(Config\Cache), false)
 9 FCPATH\index.php(80): CodeIgniter\CodeIgniter->run()
ERROR - 2023-11-05 04:54:16 --> mysqli_sql_exception: Duplicate entry '' for key 'NIS' in C:\xampp\htdocs\sisforBK\system\Database\MySQLi\Connection.php:306
Stack trace:
#0 C:\xampp\htdocs\sisforBK\system\Database\MySQLi\Connection.php(306): mysqli->query('INSERT INTO `us...', 0)
#1 C:\xampp\htdocs\sisforBK\system\Database\BaseConnection.php(692): CodeIgniter\Database\MySQLi\Connection->execute('INSERT INTO `us...')
#2 C:\xampp\htdocs\sisforBK\system\Database\BaseConnection.php(606): CodeIgniter\Database\BaseConnection->simpleQuery('INSERT INTO `us...')
#3 C:\xampp\htdocs\sisforBK\system\Database\BaseBuilder.php(2308): CodeIgniter\Database\BaseConnection->query('INSERT INTO `us...', Array, false)
#4 C:\xampp\htdocs\sisforBK\system\Model.php(319): CodeIgniter\Database\BaseBuilder->insert()
#5 C:\xampp\htdocs\sisforBK\system\BaseModel.php(788): CodeIgniter\Model->doInsert(Array)
#6 C:\xampp\htdocs\sisforBK\system\Model.php(715): CodeIgniter\BaseModel->insert(Array, true)
#7 C:\xampp\htdocs\sisforBK\app\Controllers\AdminController.php(175): CodeIgniter\Model->insert(Array)
#8 C:\xampp\htdocs\sisforBK\system\CodeIgniter.php(919): App\Controllers\AdminController->createUser()
#9 C:\xampp\htdocs\sisforBK\system\CodeIgniter.php(494): CodeIgniter\CodeIgniter->runController(Object(App\Controllers\AdminController))
#10 C:\xampp\htdocs\sisforBK\system\CodeIgniter.php(353): CodeIgniter\CodeIgniter->handleRequest(NULL, Object(Config\Cache), false)
#11 C:\xampp\htdocs\sisforBK\public\index.php(80): CodeIgniter\CodeIgniter->run()
#12 {main}
CRITICAL - 2023-11-05 04:54:16 --> Duplicate entry '' for key 'NIS'
in SYSTEMPATH\Database\BaseConnection.php on line 646.
 1 SYSTEMPATH\Database\BaseBuilder.php(2308): CodeIgniter\Database\BaseConnection->query('INSERT INTO `user` (`username`, `fullName`, `TTL`, `NIS`, `Bapak`, `Ibu`, `Kelas`, `Role`) VALUES (:username:, :fullName:, :TTL:, :NIS:, :Bapak:, :Ibu:, :Kelas:, :Role:)', [...], false)
 2 SYSTEMPATH\Model.php(319): CodeIgniter\Database\BaseBuilder->insert()
 3 SYSTEMPATH\BaseModel.php(788): CodeIgniter\Model->doInsert([...])
 4 SYSTEMPATH\Model.php(715): CodeIgniter\BaseModel->insert([...], true)
 5 APPPATH\Controllers\AdminController.php(175): CodeIgniter\Model->insert([...])
 6 SYSTEMPATH\CodeIgniter.php(919): App\Controllers\AdminController->createUser()
 7 SYSTEMPATH\CodeIgniter.php(494): CodeIgniter\CodeIgniter->runController(Object(App\Controllers\AdminController))
 8 SYSTEMPATH\CodeIgniter.php(353): CodeIgniter\CodeIgniter->handleRequest(null, Object(Config\Cache), false)
 9 FCPATH\index.php(80): CodeIgniter\CodeIgniter->run()
ERROR - 2023-11-05 04:54:27 --> mysqli_sql_exception: Duplicate entry '' for key 'NIS' in C:\xampp\htdocs\sisforBK\system\Database\MySQLi\Connection.php:306
Stack trace:
#0 C:\xampp\htdocs\sisforBK\system\Database\MySQLi\Connection.php(306): mysqli->query('INSERT INTO `us...', 0)
#1 C:\xampp\htdocs\sisforBK\system\Database\BaseConnection.php(692): CodeIgniter\Database\MySQLi\Connection->execute('INSERT INTO `us...')
#2 C:\xampp\htdocs\sisforBK\system\Database\BaseConnection.php(606): CodeIgniter\Database\BaseConnection->simpleQuery('INSERT INTO `us...')
#3 C:\xampp\htdocs\sisforBK\system\Database\BaseBuilder.php(2308): CodeIgniter\Database\BaseConnection->query('INSERT INTO `us...', Array, false)
#4 C:\xampp\htdocs\sisforBK\system\Model.php(319): CodeIgniter\Database\BaseBuilder->insert()
#5 C:\xampp\htdocs\sisforBK\system\BaseModel.php(788): CodeIgniter\Model->doInsert(Array)
#6 C:\xampp\htdocs\sisforBK\system\Model.php(715): CodeIgniter\BaseModel->insert(Array, true)
#7 C:\xampp\htdocs\sisforBK\app\Controllers\AdminController.php(175): CodeIgniter\Model->insert(Array)
#8 C:\xampp\htdocs\sisforBK\system\CodeIgniter.php(919): App\Controllers\AdminController->createUser()
#9 C:\xampp\htdocs\sisforBK\system\CodeIgniter.php(494): CodeIgniter\CodeIgniter->runController(Object(App\Controllers\AdminController))
#10 C:\xampp\htdocs\sisforBK\system\CodeIgniter.php(353): CodeIgniter\CodeIgniter->handleRequest(NULL, Object(Config\Cache), false)
#11 C:\xampp\htdocs\sisforBK\public\index.php(80): CodeIgniter\CodeIgniter->run()
#12 {main}
CRITICAL - 2023-11-05 04:54:27 --> Duplicate entry '' for key 'NIS'
in SYSTEMPATH\Database\BaseConnection.php on line 646.
 1 SYSTEMPATH\Database\BaseBuilder.php(2308): CodeIgniter\Database\BaseConnection->query('INSERT INTO `user` (`username`, `fullName`, `TTL`, `NIS`, `Bapak`, `Ibu`, `Kelas`, `Role`) VALUES (:username:, :fullName:, :TTL:, :NIS:, :Bapak:, :Ibu:, :Kelas:, :Role:)', [...], false)
 2 SYSTEMPATH\Model.php(319): CodeIgniter\Database\BaseBuilder->insert()
 3 SYSTEMPATH\BaseModel.php(788): CodeIgniter\Model->doInsert([...])
 4 SYSTEMPATH\Model.php(715): CodeIgniter\BaseModel->insert([...], true)
 5 APPPATH\Controllers\AdminController.php(175): CodeIgniter\Model->insert([...])
 6 SYSTEMPATH\CodeIgniter.php(919): App\Controllers\AdminController->createUser()
 7 SYSTEMPATH\CodeIgniter.php(494): CodeIgniter\CodeIgniter->runController(Object(App\Controllers\AdminController))
 8 SYSTEMPATH\CodeIgniter.php(353): CodeIgniter\CodeIgniter->handleRequest(null, Object(Config\Cache), false)
 9 FCPATH\index.php(80): CodeIgniter\CodeIgniter->run()
ERROR - 2023-11-05 04:58:30 --> mysqli_sql_exception: Duplicate entry '' for key 'NIS' in C:\xampp\htdocs\sisforBK\system\Database\MySQLi\Connection.php:306
Stack trace:
#0 C:\xampp\htdocs\sisforBK\system\Database\MySQLi\Connection.php(306): mysqli->query('INSERT INTO `us...', 0)
#1 C:\xampp\htdocs\sisforBK\system\Database\BaseConnection.php(692): CodeIgniter\Database\MySQLi\Connection->execute('INSERT INTO `us...')
#2 C:\xampp\htdocs\sisforBK\system\Database\BaseConnection.php(606): CodeIgniter\Database\BaseConnection->simpleQuery('INSERT INTO `us...')
#3 C:\xampp\htdocs\sisforBK\system\Database\BaseBuilder.php(2308): CodeIgniter\Database\BaseConnection->query('INSERT INTO `us...', Array, false)
#4 C:\xampp\htdocs\sisforBK\system\Model.php(319): CodeIgniter\Database\BaseBuilder->insert()
#5 C:\xampp\htdocs\sisforBK\system\BaseModel.php(788): CodeIgniter\Model->doInsert(Array)
#6 C:\xampp\htdocs\sisforBK\system\Model.php(715): CodeIgniter\BaseModel->insert(Array, true)
#7 C:\xampp\htdocs\sisforBK\app\Controllers\AdminController.php(175): CodeIgniter\Model->insert(Array)
#8 C:\xampp\htdocs\sisforBK\system\CodeIgniter.php(919): App\Controllers\AdminController->createUser()
#9 C:\xampp\htdocs\sisforBK\system\CodeIgniter.php(494): CodeIgniter\CodeIgniter->runController(Object(App\Controllers\AdminController))
#10 C:\xampp\htdocs\sisforBK\system\CodeIgniter.php(353): CodeIgniter\CodeIgniter->handleRequest(NULL, Object(Config\Cache), false)
#11 C:\xampp\htdocs\sisforBK\public\index.php(80): CodeIgniter\CodeIgniter->run()
#12 {main}
CRITICAL - 2023-11-05 04:58:30 --> Duplicate entry '' for key 'NIS'
in SYSTEMPATH\Database\BaseConnection.php on line 646.
 1 SYSTEMPATH\Database\BaseBuilder.php(2308): CodeIgniter\Database\BaseConnection->query('INSERT INTO `user` (`username`, `fullName`, `TTL`, `NIS`, `Bapak`, `Ibu`, `Kelas`, `Role`) VALUES (:username:, :fullName:, :TTL:, :NIS:, :Bapak:, :Ibu:, :Kelas:, :Role:)', [...], false)
 2 SYSTEMPATH\Model.php(319): CodeIgniter\Database\BaseBuilder->insert()
 3 SYSTEMPATH\BaseModel.php(788): CodeIgniter\Model->doInsert([...])
 4 SYSTEMPATH\Model.php(715): CodeIgniter\BaseModel->insert([...], true)
 5 APPPATH\Controllers\AdminController.php(175): CodeIgniter\Model->insert([...])
 6 SYSTEMPATH\CodeIgniter.php(919): App\Controllers\AdminController->createUser()
 7 SYSTEMPATH\CodeIgniter.php(494): CodeIgniter\CodeIgniter->runController(Object(App\Controllers\AdminController))
 8 SYSTEMPATH\CodeIgniter.php(353): CodeIgniter\CodeIgniter->handleRequest(null, Object(Config\Cache), false)
 9 FCPATH\index.php(80): CodeIgniter\CodeIgniter->run()
ERROR - 2023-11-05 05:27:21 --> mysqli_sql_exception: Duplicate entry 'tester02' for key 'username' in C:\xampp\htdocs\sisforBK\system\Database\MySQLi\Connection.php:306
Stack trace:
#0 C:\xampp\htdocs\sisforBK\system\Database\MySQLi\Connection.php(306): mysqli->query('INSERT INTO `us...', 0)
#1 C:\xampp\htdocs\sisforBK\system\Database\BaseConnection.php(692): CodeIgniter\Database\MySQLi\Connection->execute('INSERT INTO `us...')
#2 C:\xampp\htdocs\sisforBK\system\Database\BaseConnection.php(606): CodeIgniter\Database\BaseConnection->simpleQuery('INSERT INTO `us...')
#3 C:\xampp\htdocs\sisforBK\system\Database\BaseBuilder.php(2308): CodeIgniter\Database\BaseConnection->query('INSERT INTO `us...', Array, false)
#4 C:\xampp\htdocs\sisforBK\system\Model.php(319): CodeIgniter\Database\BaseBuilder->insert()
#5 C:\xampp\htdocs\sisforBK\system\BaseModel.php(788): CodeIgniter\Model->doInsert(Array)
#6 C:\xampp\htdocs\sisforBK\system\Model.php(715): CodeIgniter\BaseModel->insert(Array, true)
#7 C:\xampp\htdocs\sisforBK\app\Controllers\AdminController.php(193): CodeIgniter\Model->insert(Array)
#8 C:\xampp\htdocs\sisforBK\system\CodeIgniter.php(919): App\Controllers\AdminController->createUser()
#9 C:\xampp\htdocs\sisforBK\system\CodeIgniter.php(494): CodeIgniter\CodeIgniter->runController(Object(App\Controllers\AdminController))
#10 C:\xampp\htdocs\sisforBK\system\CodeIgniter.php(353): CodeIgniter\CodeIgniter->handleRequest(NULL, Object(Config\Cache), false)
#11 C:\xampp\htdocs\sisforBK\public\index.php(80): CodeIgniter\CodeIgniter->run()
#12 {main}
CRITICAL - 2023-11-05 05:27:21 --> Duplicate entry 'tester02' for key 'username'
in SYSTEMPATH\Database\BaseConnection.php on line 646.
 1 SYSTEMPATH\Database\BaseBuilder.php(2308): CodeIgniter\Database\BaseConnection->query('INSERT INTO `user` (`username`, `fullName`, `TTL`, `NIS`, `Bapak`, `Ibu`, `Kelas`, `Role`) VALUES (:username:, :fullName:, :TTL:, :NIS:, :Bapak:, :Ibu:, :Kelas:, :Role:)', [...], false)
 2 SYSTEMPATH\Model.php(319): CodeIgniter\Database\BaseBuilder->insert()
 3 SYSTEMPATH\BaseModel.php(788): CodeIgniter\Model->doInsert([...])
 4 SYSTEMPATH\Model.php(715): CodeIgniter\BaseModel->insert([...], true)
 5 APPPATH\Controllers\AdminController.php(193): CodeIgniter\Model->insert([...])
 6 SYSTEMPATH\CodeIgniter.php(919): App\Controllers\AdminController->createUser()
 7 SYSTEMPATH\CodeIgniter.php(494): CodeIgniter\CodeIgniter->runController(Object(App\Controllers\AdminController))
 8 SYSTEMPATH\CodeIgniter.php(353): CodeIgniter\CodeIgniter->handleRequest(null, Object(Config\Cache), false)
 9 FCPATH\index.php(80): CodeIgniter\CodeIgniter->run()
ERROR - 2023-11-05 05:29:45 --> mysqli_sql_exception: Duplicate entry 'tester02' for key 'username' in C:\xampp\htdocs\sisforBK\system\Database\MySQLi\Connection.php:306
Stack trace:
#0 C:\xampp\htdocs\sisforBK\system\Database\MySQLi\Connection.php(306): mysqli->query('INSERT INTO `us...', 0)
#1 C:\xampp\htdocs\sisforBK\system\Database\BaseConnection.php(692): CodeIgniter\Database\MySQLi\Connection->execute('INSERT INTO `us...')
#2 C:\xampp\htdocs\sisforBK\system\Database\BaseConnection.php(606): CodeIgniter\Database\BaseConnection->simpleQuery('INSERT INTO `us...')
#3 C:\xampp\htdocs\sisforBK\system\Database\BaseBuilder.php(2308): CodeIgniter\Database\BaseConnection->query('INSERT INTO `us...', Array, false)
#4 C:\xampp\htdocs\sisforBK\system\Model.php(319): CodeIgniter\Database\BaseBuilder->insert()
#5 C:\xampp\htdocs\sisforBK\system\BaseModel.php(788): CodeIgniter\Model->doInsert(Array)
#6 C:\xampp\htdocs\sisforBK\system\Model.php(715): CodeIgniter\BaseModel->insert(Array, true)
#7 C:\xampp\htdocs\sisforBK\app\Controllers\AdminController.php(193): CodeIgniter\Model->insert(Array)
#8 C:\xampp\htdocs\sisforBK\system\CodeIgniter.php(919): App\Controllers\AdminController->createUser()
#9 C:\xampp\htdocs\sisforBK\system\CodeIgniter.php(494): CodeIgniter\CodeIgniter->runController(Object(App\Controllers\AdminController))
#10 C:\xampp\htdocs\sisforBK\system\CodeIgniter.php(353): CodeIgniter\CodeIgniter->handleRequest(NULL, Object(Config\Cache), false)
#11 C:\xampp\htdocs\sisforBK\public\index.php(80): CodeIgniter\CodeIgniter->run()
#12 {main}
CRITICAL - 2023-11-05 05:29:45 --> Duplicate entry 'tester02' for key 'username'
in SYSTEMPATH\Database\BaseConnection.php on line 646.
 1 SYSTEMPATH\Database\BaseBuilder.php(2308): CodeIgniter\Database\BaseConnection->query('INSERT INTO `user` (`username`, `fullName`, `TTL`, `NIS`, `Bapak`, `Ibu`, `Kelas`, `Role`) VALUES (:username:, :fullName:, :TTL:, :NIS:, :Bapak:, :Ibu:, :Kelas:, :Role:)', [...], false)
 2 SYSTEMPATH\Model.php(319): CodeIgniter\Database\BaseBuilder->insert()
 3 SYSTEMPATH\BaseModel.php(788): CodeIgniter\Model->doInsert([...])
 4 SYSTEMPATH\Model.php(715): CodeIgniter\BaseModel->insert([...], true)
 5 APPPATH\Controllers\AdminController.php(193): CodeIgniter\Model->insert([...])
 6 SYSTEMPATH\CodeIgniter.php(919): App\Controllers\AdminController->createUser()
 7 SYSTEMPATH\CodeIgniter.php(494): CodeIgniter\CodeIgniter->runController(Object(App\Controllers\AdminController))
 8 SYSTEMPATH\CodeIgniter.php(353): CodeIgniter\CodeIgniter->handleRequest(null, Object(Config\Cache), false)
 9 FCPATH\index.php(80): CodeIgniter\CodeIgniter->run()
