CRITICAL - 2024-01-21 02:11:05 --> Undefined variable $value
in APPPATH\Views\Admin\index.php on line 343.
 1 APPPATH\Views\Admin\index.php(343): CodeIgniter\Debug\Exceptions->errorHandler(2, 'Undefined variable $value', 'C:\\xampp\\htdocs\\sisforBK\\app\\Views\\Admin\\index.php', 343)
 2 SYSTEMPATH\View\View.php(226): include('C:\\xampp\\htdocs\\sisforBK\\app\\Views\\Admin\\index.php')
 3 SYSTEMPATH\View\View.php(229): CodeIgniter\View\View->CodeIgniter\View\{closure}()
 4 SYSTEMPATH\Common.php(1188): CodeIgniter\View\View->render('Admin/index', [], true)
 5 APPPATH\Controllers\AdminController.php(43): view('Admin/index', [...])
 6 SYSTEMPATH\CodeIgniter.php(919): App\Controllers\AdminController->index()
 7 SYSTEMPATH\CodeIgniter.php(494): CodeIgniter\CodeIgniter->runController(Object(App\Controllers\AdminController))
 8 SYSTEMPATH\CodeIgniter.php(353): CodeIgniter\CodeIgniter->handleRequest(null, Object(Config\Cache), false)
 9 FCPATH\index.php(80): CodeIgniter\CodeIgniter->run()
10 SYSTEMPATH\Commands\Server\rewrite.php(47): require_once('C:\\xampp\\htdocs\\sisforBK\\public\\index.php')
CRITICAL - 2024-01-21 12:53:56 --> Undefined variable $currentRoute
in APPPATH\Views\Admin\DataUser\Index.php on line 82.
 1 APPPATH\Views\Admin\DataUser\Index.php(82): CodeIgniter\Debug\Exceptions->errorHandler(2, 'Undefined variable $currentRoute', 'C:\\xampp\\htdocs\\sisforBK\\app\\Views\\Admin\\DataUser\\Index.php', 82)
 2 SYSTEMPATH\View\View.php(226): include('C:\\xampp\\htdocs\\sisforBK\\app\\Views\\Admin\\DataUser\\Index.php')
 3 SYSTEMPATH\View\View.php(229): CodeIgniter\View\View->CodeIgniter\View\{closure}()
 4 SYSTEMPATH\Common.php(1188): CodeIgniter\View\View->render('Admin/DataUser/index', [], true)
 5 APPPATH\Controllers\AdminController.php(164): view('Admin/DataUser/index', [...])
 6 SYSTEMPATH\CodeIgniter.php(919): App\Controllers\AdminController->dataUser()
 7 SYSTEMPATH\CodeIgniter.php(494): CodeIgniter\CodeIgniter->runController(Object(App\Controllers\AdminController))
 8 SYSTEMPATH\CodeIgniter.php(353): CodeIgniter\CodeIgniter->handleRequest(null, Object(Config\Cache), false)
 9 FCPATH\index.php(80): CodeIgniter\CodeIgniter->run()
10 SYSTEMPATH\Commands\Server\rewrite.php(47): require_once('C:\\xampp\\htdocs\\sisforBK\\public\\index.php')
