ERROR - 2023-12-16 02:52:36 --> mysqli_sql_exception: Duplicate entry 'admin' for key 'username' in C:\xampp\htdocs\sisforBK\system\Database\MySQLi\Connection.php:306
Stack trace:
#0 C:\xampp\htdocs\sisforBK\system\Database\MySQLi\Connection.php(306): mysqli->query('INSERT INTO `us...', 0)
#1 C:\xampp\htdocs\sisforBK\system\Database\BaseConnection.php(692): CodeIgniter\Database\MySQLi\Connection->execute('INSERT INTO `us...')
#2 C:\xampp\htdocs\sisforBK\system\Database\BaseConnection.php(606): CodeIgniter\Database\BaseConnection->simpleQuery('INSERT INTO `us...')
#3 C:\xampp\htdocs\sisforBK\system\Database\BaseBuilder.php(2308): CodeIgniter\Database\BaseConnection->query('INSERT INTO `us...', Array, false)
#4 C:\xampp\htdocs\sisforBK\system\Model.php(319): CodeIgniter\Database\BaseBuilder->insert()
#5 C:\xampp\htdocs\sisforBK\system\BaseModel.php(788): CodeIgniter\Model->doInsert(Array)
#6 C:\xampp\htdocs\sisforBK\system\Model.php(715): CodeIgniter\BaseModel->insert(Array, true)
#7 C:\xampp\htdocs\sisforBK\app\Database\Seeds\UserSeeder.php(29): CodeIgniter\Model->insert(Array)
#8 C:\xampp\htdocs\sisforBK\system\Database\Seeder.php(146): App\Database\Seeds\UserSeeder->run()
#9 C:\xampp\htdocs\sisforBK\system\Commands\Database\Seed.php(77): CodeIgniter\Database\Seeder->call('App\\Database\\Se...')
#10 C:\xampp\htdocs\sisforBK\system\CLI\Commands.php(65): CodeIgniter\Commands\Database\Seed->run(Array)
#11 C:\xampp\htdocs\sisforBK\system\CLI\Console.php(37): CodeIgniter\CLI\Commands->run('db:seed', Array)
#12 C:\xampp\htdocs\sisforBK\spark(102): CodeIgniter\CLI\Console->run()
#13 {main}
ERROR - 2023-12-16 02:56:15 --> mysqli_sql_exception: Duplicate entry 'Terlibat perbuatan kriminal berat atau tindak pidana, misalny...' for key 'namaPelanggaran' in C:\xampp\htdocs\sisforBK\system\Database\MySQLi\Connection.php:306
Stack trace:
#0 C:\xampp\htdocs\sisforBK\system\Database\MySQLi\Connection.php(306): mysqli->query('INSERT INTO `pe...', 0)
#1 C:\xampp\htdocs\sisforBK\system\Database\BaseConnection.php(692): CodeIgniter\Database\MySQLi\Connection->execute('INSERT INTO `pe...')
#2 C:\xampp\htdocs\sisforBK\system\Database\BaseConnection.php(606): CodeIgniter\Database\BaseConnection->simpleQuery('INSERT INTO `pe...')
#3 C:\xampp\htdocs\sisforBK\system\Database\BaseBuilder.php(2308): CodeIgniter\Database\BaseConnection->query('INSERT INTO `pe...', Array, false)
#4 C:\xampp\htdocs\sisforBK\system\Model.php(319): CodeIgniter\Database\BaseBuilder->insert()
#5 C:\xampp\htdocs\sisforBK\system\BaseModel.php(788): CodeIgniter\Model->doInsert(Array)
#6 C:\xampp\htdocs\sisforBK\system\Model.php(715): CodeIgniter\BaseModel->insert(Array, false)
#7 C:\xampp\htdocs\sisforBK\system\BaseModel.php(698): CodeIgniter\Model->insert(Array, false)
#8 C:\xampp\htdocs\sisforBK\app\Database\Seeds\RuleSeeder.php(115): CodeIgniter\BaseModel->save(Array)
#9 C:\xampp\htdocs\sisforBK\system\Database\Seeder.php(146): App\Database\Seeds\RuleSeeder->run()
#10 C:\xampp\htdocs\sisforBK\system\Commands\Database\Seed.php(77): CodeIgniter\Database\Seeder->call('App\\Database\\Se...')
#11 C:\xampp\htdocs\sisforBK\system\CLI\Commands.php(65): CodeIgniter\Commands\Database\Seed->run(Array)
#12 C:\xampp\htdocs\sisforBK\system\CLI\Console.php(37): CodeIgniter\CLI\Commands->run('db:seed', Array)
#13 C:\xampp\htdocs\sisforBK\spark(102): CodeIgniter\CLI\Console->run()
#14 {main}
CRITICAL - 2023-12-16 03:44:17 --> Undefined variable $user
in APPPATH\Views\Admin\Profil\index.php on line 107.
 1 APPPATH\Views\Admin\Profil\index.php(107): CodeIgniter\Debug\Exceptions->errorHandler(2, 'Undefined variable $user', 'C:\\xampp\\htdocs\\sisforBK\\app\\Views\\Admin\\Profil\\index.php', 107)
 2 SYSTEMPATH\View\View.php(226): include('C:\\xampp\\htdocs\\sisforBK\\app\\Views\\Admin\\Profil\\index.php')
 3 SYSTEMPATH\View\View.php(229): CodeIgniter\View\View->CodeIgniter\View\{closure}()
 4 SYSTEMPATH\Common.php(1188): CodeIgniter\View\View->render('Admin/Profil/index', [], true)
 5 APPPATH\Controllers\AdminController.php(72): view('Admin/Profil/index', [...])
 6 SYSTEMPATH\CodeIgniter.php(919): App\Controllers\AdminController->profile()
 7 SYSTEMPATH\CodeIgniter.php(494): CodeIgniter\CodeIgniter->runController(Object(App\Controllers\AdminController))
 8 SYSTEMPATH\CodeIgniter.php(353): CodeIgniter\CodeIgniter->handleRequest(null, Object(Config\Cache), false)
 9 FCPATH\index.php(80): CodeIgniter\CodeIgniter->run()
