ERROR - 2023-12-03 06:18:08 --> mysqli_sql_exception: Column 'id' in where clause is ambiguous in C:\xampp\htdocs\sisforBK\system\Database\MySQLi\Connection.php:306
Stack trace:
#0 C:\xampp\htdocs\sisforBK\system\Database\MySQLi\Connection.php(306): mysqli->query('SELECT `jadwal`...', 0)
#1 C:\xampp\htdocs\sisforBK\system\Database\BaseConnection.php(692): CodeIgniter\Database\MySQLi\Connection->execute('SELECT `jadwal`...')
#2 C:\xampp\htdocs\sisforBK\system\Database\BaseConnection.php(606): CodeIgniter\Database\BaseConnection->simpleQuery('SELECT `jadwal`...')
#3 C:\xampp\htdocs\sisforBK\system\Database\BaseBuilder.php(1748): CodeIgniter\Database\BaseConnection->query('SELECT `jadwal`...', Array, false)
#4 C:\xampp\htdocs\sisforBK\system\Model.php(871): CodeIgniter\Database\BaseBuilder->getWhere(Array)
#5 C:\xampp\htdocs\sisforBK\app\Controllers\AdminController.php(330): CodeIgniter\Model->__call('getWhere', Array)
#6 C:\xampp\htdocs\sisforBK\system\CodeIgniter.php(919): App\Controllers\AdminController->showReport('2')
#7 C:\xampp\htdocs\sisforBK\system\CodeIgniter.php(494): CodeIgniter\CodeIgniter->runController(Object(App\Controllers\AdminController))
#8 C:\xampp\htdocs\sisforBK\system\CodeIgniter.php(353): CodeIgniter\CodeIgniter->handleRequest(NULL, Object(Config\Cache), false)
#9 C:\xampp\htdocs\sisforBK\public\index.php(80): CodeIgniter\CodeIgniter->run()
#10 {main}
CRITICAL - 2023-12-03 06:18:08 --> Column 'id' in where clause is ambiguous
in SYSTEMPATH\Database\BaseConnection.php on line 646.
 1 SYSTEMPATH\Database\BaseBuilder.php(1748): CodeIgniter\Database\BaseConnection->query('SELECT `jadwal`.*
FROM `jadwal`
JOIN `user` ON `jadwal`.`userID` = `user`.`ID`
WHERE `id` = :id:', [...], false)
 2 SYSTEMPATH\Model.php(871): CodeIgniter\Database\BaseBuilder->getWhere([...])
 3 APPPATH\Controllers\AdminController.php(330): CodeIgniter\Model->__call('getWhere', [...])
 4 SYSTEMPATH\CodeIgniter.php(919): App\Controllers\AdminController->showReport('2')
 5 SYSTEMPATH\CodeIgniter.php(494): CodeIgniter\CodeIgniter->runController(Object(App\Controllers\AdminController))
 6 SYSTEMPATH\CodeIgniter.php(353): CodeIgniter\CodeIgniter->handleRequest(null, Object(Config\Cache), false)
 7 FCPATH\index.php(80): CodeIgniter\CodeIgniter->run()
ERROR - 2023-12-03 06:18:11 --> mysqli_sql_exception: Column 'id' in where clause is ambiguous in C:\xampp\htdocs\sisforBK\system\Database\MySQLi\Connection.php:306
Stack trace:
#0 C:\xampp\htdocs\sisforBK\system\Database\MySQLi\Connection.php(306): mysqli->query('SELECT `jadwal`...', 0)
#1 C:\xampp\htdocs\sisforBK\system\Database\BaseConnection.php(692): CodeIgniter\Database\MySQLi\Connection->execute('SELECT `jadwal`...')
#2 C:\xampp\htdocs\sisforBK\system\Database\BaseConnection.php(606): CodeIgniter\Database\BaseConnection->simpleQuery('SELECT `jadwal`...')
#3 C:\xampp\htdocs\sisforBK\system\Database\BaseBuilder.php(1748): CodeIgniter\Database\BaseConnection->query('SELECT `jadwal`...', Array, false)
#4 C:\xampp\htdocs\sisforBK\system\Model.php(871): CodeIgniter\Database\BaseBuilder->getWhere(Array)
#5 C:\xampp\htdocs\sisforBK\app\Controllers\AdminController.php(330): CodeIgniter\Model->__call('getWhere', Array)
#6 C:\xampp\htdocs\sisforBK\system\CodeIgniter.php(919): App\Controllers\AdminController->showReport('2')
#7 C:\xampp\htdocs\sisforBK\system\CodeIgniter.php(494): CodeIgniter\CodeIgniter->runController(Object(App\Controllers\AdminController))
#8 C:\xampp\htdocs\sisforBK\system\CodeIgniter.php(353): CodeIgniter\CodeIgniter->handleRequest(NULL, Object(Config\Cache), false)
#9 C:\xampp\htdocs\sisforBK\public\index.php(80): CodeIgniter\CodeIgniter->run()
#10 {main}
CRITICAL - 2023-12-03 06:18:11 --> Column 'id' in where clause is ambiguous
in SYSTEMPATH\Database\BaseConnection.php on line 646.
 1 SYSTEMPATH\Database\BaseBuilder.php(1748): CodeIgniter\Database\BaseConnection->query('SELECT `jadwal`.*
FROM `jadwal`
JOIN `user` ON `jadwal`.`userID` = `user`.`ID`
WHERE `id` = :id:', [...], false)
 2 SYSTEMPATH\Model.php(871): CodeIgniter\Database\BaseBuilder->getWhere([...])
 3 APPPATH\Controllers\AdminController.php(330): CodeIgniter\Model->__call('getWhere', [...])
 4 SYSTEMPATH\CodeIgniter.php(919): App\Controllers\AdminController->showReport('2')
 5 SYSTEMPATH\CodeIgniter.php(494): CodeIgniter\CodeIgniter->runController(Object(App\Controllers\AdminController))
 6 SYSTEMPATH\CodeIgniter.php(353): CodeIgniter\CodeIgniter->handleRequest(null, Object(Config\Cache), false)
 7 FCPATH\index.php(80): CodeIgniter\CodeIgniter->run()
ERROR - 2023-12-03 06:19:06 --> mysqli_sql_exception: Column 'ID' in where clause is ambiguous in C:\xampp\htdocs\sisforBK\system\Database\MySQLi\Connection.php:306
Stack trace:
#0 C:\xampp\htdocs\sisforBK\system\Database\MySQLi\Connection.php(306): mysqli->query('SELECT `jadwal`...', 0)
#1 C:\xampp\htdocs\sisforBK\system\Database\BaseConnection.php(692): CodeIgniter\Database\MySQLi\Connection->execute('SELECT `jadwal`...')
#2 C:\xampp\htdocs\sisforBK\system\Database\BaseConnection.php(606): CodeIgniter\Database\BaseConnection->simpleQuery('SELECT `jadwal`...')
#3 C:\xampp\htdocs\sisforBK\system\Database\BaseBuilder.php(1748): CodeIgniter\Database\BaseConnection->query('SELECT `jadwal`...', Array, false)
#4 C:\xampp\htdocs\sisforBK\system\Model.php(871): CodeIgniter\Database\BaseBuilder->getWhere(Array)
#5 C:\xampp\htdocs\sisforBK\app\Controllers\AdminController.php(330): CodeIgniter\Model->__call('getWhere', Array)
#6 C:\xampp\htdocs\sisforBK\system\CodeIgniter.php(919): App\Controllers\AdminController->showReport('2')
#7 C:\xampp\htdocs\sisforBK\system\CodeIgniter.php(494): CodeIgniter\CodeIgniter->runController(Object(App\Controllers\AdminController))
#8 C:\xampp\htdocs\sisforBK\system\CodeIgniter.php(353): CodeIgniter\CodeIgniter->handleRequest(NULL, Object(Config\Cache), false)
#9 C:\xampp\htdocs\sisforBK\public\index.php(80): CodeIgniter\CodeIgniter->run()
#10 {main}
CRITICAL - 2023-12-03 06:19:06 --> Column 'ID' in where clause is ambiguous
in SYSTEMPATH\Database\BaseConnection.php on line 646.
 1 SYSTEMPATH\Database\BaseBuilder.php(1748): CodeIgniter\Database\BaseConnection->query('SELECT `jadwal`.*
FROM `jadwal`
JOIN `user` ON `jadwal`.`userID` = `user`.`ID`
WHERE `ID` = :ID:', [...], false)
 2 SYSTEMPATH\Model.php(871): CodeIgniter\Database\BaseBuilder->getWhere([...])
 3 APPPATH\Controllers\AdminController.php(330): CodeIgniter\Model->__call('getWhere', [...])
 4 SYSTEMPATH\CodeIgniter.php(919): App\Controllers\AdminController->showReport('2')
 5 SYSTEMPATH\CodeIgniter.php(494): CodeIgniter\CodeIgniter->runController(Object(App\Controllers\AdminController))
 6 SYSTEMPATH\CodeIgniter.php(353): CodeIgniter\CodeIgniter->handleRequest(null, Object(Config\Cache), false)
 7 FCPATH\index.php(80): CodeIgniter\CodeIgniter->run()
ERROR - 2023-12-03 06:20:58 --> mysqli_sql_exception: Cannot add or update a child row: a foreign key constraint fails (`sisforbk`.`konseling`, CONSTRAINT `konseling_jadwalID_foreign` FOREIGN KEY (`jadwalID`) REFERENCES `jadwal` (`ID`) ON DELETE CASCADE ON UPDATE CASCADE) in C:\xampp\htdocs\sisforBK\system\Database\MySQLi\Connection.php:306
Stack trace:
#0 C:\xampp\htdocs\sisforBK\system\Database\MySQLi\Connection.php(306): mysqli->query('INSERT INTO `ko...', 0)
#1 C:\xampp\htdocs\sisforBK\system\Database\BaseConnection.php(692): CodeIgniter\Database\MySQLi\Connection->execute('INSERT INTO `ko...')
#2 C:\xampp\htdocs\sisforBK\system\Database\BaseConnection.php(606): CodeIgniter\Database\BaseConnection->simpleQuery('INSERT INTO `ko...')
#3 C:\xampp\htdocs\sisforBK\system\Database\BaseBuilder.php(2308): CodeIgniter\Database\BaseConnection->query('INSERT INTO `ko...', Array, false)
#4 C:\xampp\htdocs\sisforBK\system\Model.php(319): CodeIgniter\Database\BaseBuilder->insert()
#5 C:\xampp\htdocs\sisforBK\system\BaseModel.php(788): CodeIgniter\Model->doInsert(Array)
#6 C:\xampp\htdocs\sisforBK\system\Model.php(715): CodeIgniter\BaseModel->insert(Array, false)
#7 C:\xampp\htdocs\sisforBK\system\BaseModel.php(698): CodeIgniter\Model->insert(Array, false)
#8 C:\xampp\htdocs\sisforBK\app\Controllers\AdminController.php(252): CodeIgniter\BaseModel->save(Array)
#9 C:\xampp\htdocs\sisforBK\system\CodeIgniter.php(919): App\Controllers\AdminController->createReport()
#10 C:\xampp\htdocs\sisforBK\system\CodeIgniter.php(494): CodeIgniter\CodeIgniter->runController(Object(App\Controllers\AdminController))
#11 C:\xampp\htdocs\sisforBK\system\CodeIgniter.php(353): CodeIgniter\CodeIgniter->handleRequest(NULL, Object(Config\Cache), false)
#12 C:\xampp\htdocs\sisforBK\public\index.php(80): CodeIgniter\CodeIgniter->run()
#13 {main}
CRITICAL - 2023-12-03 06:20:58 --> Cannot add or update a child row: a foreign key constraint fails (`sisforbk`.`konseling`, CONSTRAINT `konseling_jadwalID_foreign` FOREIGN KEY (`jadwalID`) REFERENCES `jadwal` (`ID`) ON DELETE CASCADE ON UPDATE CASCADE)
in SYSTEMPATH\Database\BaseConnection.php on line 646.
 1 SYSTEMPATH\Database\BaseBuilder.php(2308): CodeIgniter\Database\BaseConnection->query('INSERT INTO `konseling` (`JadwalID`, `GuruBK`, `PelanggaranID`, `Tindakan`, `Sanksi`) VALUES (:JadwalID:, :GuruBK:, :PelanggaranID:, :Tindakan:, :Sanksi:)', [...], false)
 2 SYSTEMPATH\Model.php(319): CodeIgniter\Database\BaseBuilder->insert()
 3 SYSTEMPATH\BaseModel.php(788): CodeIgniter\Model->doInsert([...])
 4 SYSTEMPATH\Model.php(715): CodeIgniter\BaseModel->insert([...], false)
 5 SYSTEMPATH\BaseModel.php(698): CodeIgniter\Model->insert([...], false)
 6 APPPATH\Controllers\AdminController.php(252): CodeIgniter\BaseModel->save([...])
 7 SYSTEMPATH\CodeIgniter.php(919): App\Controllers\AdminController->createReport()
 8 SYSTEMPATH\CodeIgniter.php(494): CodeIgniter\CodeIgniter->runController(Object(App\Controllers\AdminController))
 9 SYSTEMPATH\CodeIgniter.php(353): CodeIgniter\CodeIgniter->handleRequest(null, Object(Config\Cache), false)
10 FCPATH\index.php(80): CodeIgniter\CodeIgniter->run()
CRITICAL - 2023-12-03 11:08:24 --> Undefined array key "kls"
in APPPATH\Views\Admin\Konseling\index.php on line 62.
 1 APPPATH\Views\Admin\Konseling\index.php(62): CodeIgniter\Debug\Exceptions->errorHandler(2, 'Undefined array key "kls"', 'C:\\xampp\\htdocs\\sisforBK\\app\\Views\\Admin\\Konseling\\index.php', 62)
 2 SYSTEMPATH\View\View.php(226): include('C:\\xampp\\htdocs\\sisforBK\\app\\Views\\Admin\\Konseling\\index.php')
 3 SYSTEMPATH\View\View.php(229): CodeIgniter\View\View->CodeIgniter\View\{closure}()
 4 SYSTEMPATH\Common.php(1188): CodeIgniter\View\View->render('Admin/Konseling/index', [], true)
 5 APPPATH\Controllers\AdminController.php(104): view('Admin/Konseling/index', [...])
 6 SYSTEMPATH\CodeIgniter.php(919): App\Controllers\AdminController->konseling()
 7 SYSTEMPATH\CodeIgniter.php(494): CodeIgniter\CodeIgniter->runController(Object(App\Controllers\AdminController))
 8 SYSTEMPATH\CodeIgniter.php(353): CodeIgniter\CodeIgniter->handleRequest(null, Object(Config\Cache), false)
 9 FCPATH\index.php(80): CodeIgniter\CodeIgniter->run()
ERROR - 2023-12-03 11:12:10 --> mysqli_sql_exception: Column 'jadwalID' cannot be null in C:\xampp\htdocs\sisforBK\system\Database\MySQLi\Connection.php:306
Stack trace:
#0 C:\xampp\htdocs\sisforBK\system\Database\MySQLi\Connection.php(306): mysqli->query('INSERT INTO `ko...', 0)
#1 C:\xampp\htdocs\sisforBK\system\Database\BaseConnection.php(692): CodeIgniter\Database\MySQLi\Connection->execute('INSERT INTO `ko...')
#2 C:\xampp\htdocs\sisforBK\system\Database\BaseConnection.php(606): CodeIgniter\Database\BaseConnection->simpleQuery('INSERT INTO `ko...')
#3 C:\xampp\htdocs\sisforBK\system\Database\BaseBuilder.php(2308): CodeIgniter\Database\BaseConnection->query('INSERT INTO `ko...', Array, false)
#4 C:\xampp\htdocs\sisforBK\system\Model.php(319): CodeIgniter\Database\BaseBuilder->insert()
#5 C:\xampp\htdocs\sisforBK\system\BaseModel.php(788): CodeIgniter\Model->doInsert(Array)
#6 C:\xampp\htdocs\sisforBK\system\Model.php(715): CodeIgniter\BaseModel->insert(Array, false)
#7 C:\xampp\htdocs\sisforBK\system\BaseModel.php(698): CodeIgniter\Model->insert(Array, false)
#8 C:\xampp\htdocs\sisforBK\app\Controllers\AdminController.php(256): CodeIgniter\BaseModel->save(Array)
#9 C:\xampp\htdocs\sisforBK\system\CodeIgniter.php(919): App\Controllers\AdminController->createReport()
#10 C:\xampp\htdocs\sisforBK\system\CodeIgniter.php(494): CodeIgniter\CodeIgniter->runController(Object(App\Controllers\AdminController))
#11 C:\xampp\htdocs\sisforBK\system\CodeIgniter.php(353): CodeIgniter\CodeIgniter->handleRequest(NULL, Object(Config\Cache), false)
#12 C:\xampp\htdocs\sisforBK\public\index.php(80): CodeIgniter\CodeIgniter->run()
#13 {main}
CRITICAL - 2023-12-03 11:12:10 --> Column 'jadwalID' cannot be null
in SYSTEMPATH\Database\BaseConnection.php on line 646.
 1 SYSTEMPATH\Database\BaseBuilder.php(2308): CodeIgniter\Database\BaseConnection->query('INSERT INTO `konseling` (`JadwalID`, `GuruBK`, `PelanggaranID`, `Tindakan`, `Sanksi`) VALUES (:JadwalID:, :GuruBK:, :PelanggaranID:, :Tindakan:, :Sanksi:)', [...], false)
 2 SYSTEMPATH\Model.php(319): CodeIgniter\Database\BaseBuilder->insert()
 3 SYSTEMPATH\BaseModel.php(788): CodeIgniter\Model->doInsert([...])
 4 SYSTEMPATH\Model.php(715): CodeIgniter\BaseModel->insert([...], false)
 5 SYSTEMPATH\BaseModel.php(698): CodeIgniter\Model->insert([...], false)
 6 APPPATH\Controllers\AdminController.php(256): CodeIgniter\BaseModel->save([...])
 7 SYSTEMPATH\CodeIgniter.php(919): App\Controllers\AdminController->createReport()
 8 SYSTEMPATH\CodeIgniter.php(494): CodeIgniter\CodeIgniter->runController(Object(App\Controllers\AdminController))
 9 SYSTEMPATH\CodeIgniter.php(353): CodeIgniter\CodeIgniter->handleRequest(null, Object(Config\Cache), false)
10 FCPATH\index.php(80): CodeIgniter\CodeIgniter->run()
